C51 COMPILER V9.02   UART                                                                  04/15/2018 03:37:19 PAGE 1   


C51 COMPILER V9.02, COMPILATION OF MODULE UART
OBJECT MODULE PLACED IN uart.OBJ
COMPILER INVOKED BY: D:\Keil\C51\BIN\C51.EXE uart.c BROWSE DEBUG OBJECTEXTEND

line level    source

   1          #include <reg52.h>
   2          #define PINLV           11059200UL                                      //使用11.0592M晶体
   3          #define BAUD_9600   9600UL                                      //波特率定义为9600
   4          /***************************************************
   5          *                                                               串口初始化子函数
   6          *                               T1工作在方式2，波特率9600，开串口中断
   7          ****************************************************/
   8          void UART_INIT(void)                            //串口初始化
   9          {
  10   1      //      EA=0;                                   //暂时关闭中断
  11   1              TMOD=0x20;      //定时器1工作在模式2，自动重装模式
  12   1              SCON=0x50;     //串口工作在模式1
  13   1              TH1=256-PINLV/(BAUD_9600*12*16);  //计算定时器重装值
  14   1              TL1=256-PINLV/(BAUD_9600*12*16);
  15   1              PCON|=0x80;    //串口波特率加倍
  16   1              TR1=1;          //启动定时器1
  17   1      
  18   1      }
  19          
  20          /***************************************************
  21          *                                                               串口发送字节子函数
  22          *                               依次将数组HELLO[]中的元素发送给电脑
  23          ****************************************************/
  24          void uart_send_byte(unsigned char i)
  25          {
  26   1                      SBUF = i;       //送入发送缓冲寄存器
  27   1                      while(TI == 0);         //判断发送是否完成
  28   1                      TI = 0;                                         //清除中断标志
  29   1      }


MODULE INFORMATION:   STATIC OVERLAYABLE
   CODE SIZE        =     26    ----
   CONSTANT SIZE    =   ----    ----
   XDATA SIZE       =   ----    ----
   PDATA SIZE       =   ----    ----
   DATA SIZE        =   ----    ----
   IDATA SIZE       =   ----    ----
   BIT SIZE         =   ----    ----
END OF MODULE INFORMATION.


C51 COMPILATION COMPLETE.  0 WARNING(S),  0 ERROR(S)
